0 silly argv {
0 silly argv   _: [ 'run' ],
0 silly argv   lernaVersion: '4.0.0',
0 silly argv   '$0': '/Users/guojianqiang/Documents/my-project/rainbow_deer/node_modules/.bin/lerna',
0 silly argv   script: 'build'
0 silly argv }
1 notice cli v4.0.0
2 verbose rootPath /Users/guojianqiang/Documents/my-project/rainbow_deer
3 info versioning independent
4 error JSONError: Unexpected token "}" (0x7D) in JSON at position 425 while parsing near "...ollup -c && tsc\",\n  },\n  \"author\": \"guoj..." in packages/icon/package.json
4 error
4 error [0m [90m 21 |[39m   [32m"scripts"[39m[33m:[39m {[0m
4 error [0m [90m 22 |[39m     [32m"build"[39m[33m:[39m [32m"rollup -c && tsc"[39m[33m,[39m[0m
4 error [0m[31m[1m>[22m[39m[90m 23 |[39m   }[33m,[39m[0m
4 error [0m [90m    |[39m   [31m[1m^[22m[39m[0m
4 error [0m [90m 24 |[39m   [32m"author"[39m[33m:[39m [32m"guojianqiang"[39m[33m,[39m[0m
4 error [0m [90m 25 |[39m   [32m"peerDependencies"[39m[33m:[39m {[0m
4 error [0m [90m 26 |[39m     [32m"react"[39m[33m:[39m [32m">=16.8.0"[39m[0m
4 error
4 error     at parseJson (/Users/guojianqiang/Documents/my-project/rainbow_deer/node_modules/parse-json/index.js:29:21)
4 error     at parse (/Users/guojianqiang/Documents/my-project/rainbow_deer/node_modules/load-json-file/index.js:15:9)
4 error     at module.exports (/Users/guojianqiang/Documents/my-project/rainbow_deer/node_modules/load-json-file/index.js:18:47)
